<?xml version="1.0" encoding="UTF-8"?>
<!-- Generated by org.testng.reporters.JUnitXMLReporter -->
<testsuite ignored="0" hostname="LAPTOP-ILLNRTUL" failures="0" tests="3" name="Default test" time="5.224" errors="0" timestamp="2022-06-24T16:18:52 IST">
  <testcase classname="TestCases.LoginPageTest" name="verifyLoginBtnTest" time="0.086"/>
  <testcase classname="TestCases.LoginPageTest" name="verifyLogoTest" time="0.056"/>
  <testcase classname="TestCases.LoginPageTest" name="verifyTitleTest" time="0.013"/>
</testsuite> <!-- Default test -->
