<?xml version="1.0" encoding="UTF-8"?>
<!-- Generated by org.testng.reporters.JUnitXMLReporter -->
<testsuite ignored="2" hostname="LAPTOP-ILLNRTUL" failures="0" tests="1" name="Test" time="8.733" errors="0" timestamp="2022-06-12T10:16:35 IST">
  <testcase classname="TestCases.GroupTest" name="verifyLogoTest" time="0.075"/>
  <testcase classname="TestCases.GroupTest" name="verifyLoginBtnTest" time="0.0">
    <ignored/>
  </testcase> <!-- verifyLoginBtnTest -->
  <testcase classname="TestCases.GroupTest" name="verifyTitleTest" time="0.0">
    <ignored/>
  </testcase> <!-- verifyTitleTest -->
</testsuite> <!-- Test -->
