<?xml version="1.0" encoding="UTF-8"?>
<testng-results ignored="0" total="3" passed="3" failed="0" skipped="0">
  <reporter-output>
  </reporter-output>
  <suite started-at="2022-06-24T16:18:47 IST" name="Default suite" finished-at="2022-06-24T16:18:52 IST" duration-ms="5224">
    <groups>
    </groups>
    <test started-at="2022-06-24T16:18:47 IST" name="Default test" finished-at="2022-06-24T16:18:52 IST" duration-ms="5224">
      <class name="TestCases.LoginPageTest">
        <test-method is-config="true" signature="setup()[pri:0, instance:TestCases.LoginPageTest@66d3eec0]" started-at="2022-06-24T16:18:47 IST" name="setup" finished-at="2022-06-24T16:18:51 IST" duration-ms="4414" status="PASS">
          <reporter-output>
          </reporter-output>
        </test-method> <!-- setup -->
        <test-method signature="verifyLoginBtnTest()[pri:0, instance:TestCases.LoginPageTest@66d3eec0]" started-at="2022-06-24T16:18:51 IST" name="verifyLoginBtnTest" finished-at="2022-06-24T16:18:51 IST" duration-ms="86" status="PASS">
          <reporter-output>
          </reporter-output>
        </test-method> <!-- verifyLoginBtnTest -->
        <test-method signature="verifyLogoTest()[pri:0, instance:TestCases.LoginPageTest@66d3eec0]" started-at="2022-06-24T16:18:51 IST" name="verifyLogoTest" finished-at="2022-06-24T16:18:51 IST" duration-ms="56" status="PASS">
          <reporter-output>
          </reporter-output>
        </test-method> <!-- verifyLogoTest -->
        <test-method signature="verifyTitleTest()[pri:0, instance:TestCases.LoginPageTest@66d3eec0]" started-at="2022-06-24T16:18:51 IST" name="verifyTitleTest" finished-at="2022-06-24T16:18:51 IST" duration-ms="13" status="PASS">
          <reporter-output>
          </reporter-output>
        </test-method> <!-- verifyTitleTest -->
        <test-method is-config="true" signature="exit()[pri:0, instance:TestCases.LoginPageTest@66d3eec0]" started-at="2022-06-24T16:18:51 IST" name="exit" finished-at="2022-06-24T16:18:52 IST" duration-ms="596" status="PASS">
          <reporter-output>
          </reporter-output>
        </test-method> <!-- exit -->
      </class> <!-- TestCases.LoginPageTest -->
    </test> <!-- Default test -->
  </suite> <!-- Default suite -->
</testng-results>
